Build started 9/28/2015 11:58:29 PM.
     1>Project "E:\Documents\GitHub\CppAlgorithms\CppAlgorithms\CppAlgorithms\CppAlgorithms.vcxproj" on node 2 (Build target(s)).
     1>ClCompile:
         D:\Microsoft Visual Studio 14.0\VC\bin\CL.exe /c /ZI /nologo /W3 /WX- /sdl /Od /Oy- /D WIN32 /D _DEBUG /D _CONSOLE /D _UNICODE /D UNICODE /Gm /EHsc /RTC1 /MDd /GS /fp:precise /Zc:wchar_t /Zc:forScope /Zc:inline /Fo"Debug\\" /Fd"Debug\vc140.pdb" /Gd /TP /analyze- /errorReport:prompt main.cpp
         main.cpp
       Link:
         D:\Microsoft Visual Studio 14.0\VC\bin\link.exe /ERRORREPORT:PROMPT /OUT:"E:\Documents\GitHub\CppAlgorithms\CppAlgorithms\Debug\CppAlgorithms.exe" /INCREMENTAL /NOLOGO kernel32.lib user32.lib gdi32.lib winspool.lib comdlg32.lib advapi32.lib shell32.lib ole32.lib oleaut32.lib uuid.lib odbc32.lib odbccp32.lib /MANIFEST /MANIFESTUAC:"level='asInvoker' uiAccess='false'" /manifest:embed /Debug /PDB:"E:\Documents\GitHub\CppAlgorithms\CppAlgorithms\Debug\CppAlgorithms.pdb" /SUBSYSTEM:CONSOLE /TLBID:1 /DYNAMICBASE /NXCOMPAT /IMPLIB:"E:\Documents\GitHub\CppAlgorithms\CppAlgorithms\Debug\CppAlgorithms.lib" /MACHINE:X86 Debug\CppAlgorithms.res
         Debug\Parity.obj
         Debug\CollectionErase.obj
         Debug\HelloWorld.obj
         Debug\main.obj
         Debug\MapOperations.obj
         Debug\my_utils.obj
         Debug\Query.obj
         Debug\QueueOperations.obj
         Debug\StringOperations.obj
         Debug\TestQuery.obj
         Debug\TextQuery.obj
         Debug\WordsTransform.obj
         CppAlgorithms.vcxproj -> E:\Documents\GitHub\CppAlgorithms\CppAlgorithms\Debug\CppAlgorithms.exe
     1>Done Building Project "E:\Documents\GitHub\CppAlgorithms\CppAlgorithms\CppAlgorithms\CppAlgorithms.vcxproj" (Build target(s)).

Build succeeded.

Time Elapsed 00:00:00.89
